2020-11-23 18:20:57,218 INFO [org.springframework.context.support.ClassPathXmlApplicationContext] - Refreshing org.springframework.context.support.ClassPathXmlApplicationContext@2f7c7260: startup date [Mon Nov 23 18:20:57 CST 2020]; root of context hierarchy
2020-11-23 18:20:57,258 INFO [org.springframework.beans.factory.xml.XmlBeanDefinitionReader] - Loading XML bean definitions from class path resource [applicationContext.xml]
2020-11-23 18:53:07,867 INFO [org.springframework.web.servlet.DispatcherServlet] - FrameworkServlet 'dispatcherServlet': initialization started
2020-11-23 18:53:07,881 INFO [org.springframework.web.context.support.XmlWebApplicationContext] - Refreshing WebApplicationContext for namespace 'dispatcherServlet-servlet': startup date [Mon Nov 23 18:53:07 CST 2020]; root of context hierarchy
2020-11-23 18:53:07,903 INFO [org.springframework.beans.factory.xml.XmlBeanDefinitionReader] - Loading XML bean definitions from class path resource [springmvc.xml]
2020-11-23 18:53:08,190 INFO [org.springframework.beans.factory.annotation.AutowiredAnnotationBeanPostProcessor] - JSR-330 'javax.inject.Inject' annotation found and supported for autowiring
2020-11-23 18:53:08,379 INFO [org.springframework.web.servlet.handler.SimpleUrlHandlerMapping] - Mapped URL path [/css/**] onto handler 'org.springframework.web.servlet.resource.ResourceHttpRequestHandler#0'
2020-11-23 18:53:08,397 INFO [org.springframework.web.servlet.handler.SimpleUrlHandlerMapping] - Mapped URL path [/images/**] onto handler 'org.springframework.web.servlet.resource.ResourceHttpRequestHandler#1'
2020-11-23 18:53:08,402 INFO [org.springframework.web.servlet.handler.SimpleUrlHandlerMapping] - Mapped URL path [/js/**] onto handler 'org.springframework.web.servlet.resource.ResourceHttpRequestHandler#2'
2020-11-23 18:53:08,436 INFO [org.springframework.web.servlet.mvc.method.annotation.RequestMappingHandlerMapping] - Mapped "{[/account/findAll]}" onto public java.lang.String cn.swingz.controller.AccountController.findAll()
2020-11-23 18:53:08,499 INFO [org.springframework.web.servlet.mvc.method.annotation.RequestMappingHandlerAdapter] - Looking for @ControllerAdvice: WebApplicationContext for namespace 'dispatcherServlet-servlet': startup date [Mon Nov 23 18:53:07 CST 2020]; root of context hierarchy
2020-11-23 18:53:08,531 INFO [org.springframework.web.servlet.mvc.method.annotation.RequestMappingHandlerAdapter] - Looking for @ControllerAdvice: WebApplicationContext for namespace 'dispatcherServlet-servlet': startup date [Mon Nov 23 18:53:07 CST 2020]; root of context hierarchy
2020-11-23 18:53:08,590 INFO [org.springframework.web.servlet.DispatcherServlet] - FrameworkServlet 'dispatcherServlet': initialization completed in 722 ms
2020-11-23 18:53:14,244 WARN [org.springframework.web.servlet.PageNotFound] - No mapping found for HTTP request with URI [/favicon.ico] in DispatcherServlet with name 'dispatcherServlet'
2020-11-23 18:53:14,248 WARN [org.springframework.web.servlet.PageNotFound] - No mapping found for HTTP request with URI [/favicon.ico] in DispatcherServlet with name 'dispatcherServlet'
2020-11-23 18:54:48,851 INFO [org.springframework.web.servlet.DispatcherServlet] - FrameworkServlet 'dispatcherServlet': initialization started
2020-11-23 18:54:48,863 INFO [org.springframework.web.context.support.XmlWebApplicationContext] - Refreshing WebApplicationContext for namespace 'dispatcherServlet-servlet': startup date [Mon Nov 23 18:54:48 CST 2020]; root of context hierarchy
2020-11-23 18:54:48,886 INFO [org.springframework.beans.factory.xml.XmlBeanDefinitionReader] - Loading XML bean definitions from class path resource [springmvc.xml]
2020-11-23 18:54:49,111 INFO [org.springframework.beans.factory.annotation.AutowiredAnnotationBeanPostProcessor] - JSR-330 'javax.inject.Inject' annotation found and supported for autowiring
2020-11-23 18:54:49,264 INFO [org.springframework.web.servlet.handler.SimpleUrlHandlerMapping] - Mapped URL path [/css/**] onto handler 'org.springframework.web.servlet.resource.ResourceHttpRequestHandler#0'
2020-11-23 18:54:49,278 INFO [org.springframework.web.servlet.handler.SimpleUrlHandlerMapping] - Mapped URL path [/images/**] onto handler 'org.springframework.web.servlet.resource.ResourceHttpRequestHandler#1'
2020-11-23 18:54:49,281 INFO [org.springframework.web.servlet.handler.SimpleUrlHandlerMapping] - Mapped URL path [/js/**] onto handler 'org.springframework.web.servlet.resource.ResourceHttpRequestHandler#2'
2020-11-23 18:54:49,312 INFO [org.springframework.web.servlet.mvc.method.annotation.RequestMappingHandlerMapping] - Mapped "{[/account/findAll]}" onto public java.lang.String cn.swingz.controller.AccountController.findAll()
2020-11-23 18:54:49,422 INFO [org.springframework.web.servlet.mvc.method.annotation.RequestMappingHandlerAdapter] - Looking for @ControllerAdvice: WebApplicationContext for namespace 'dispatcherServlet-servlet': startup date [Mon Nov 23 18:54:48 CST 2020]; root of context hierarchy
2020-11-23 18:54:49,456 INFO [org.springframework.web.servlet.mvc.method.annotation.RequestMappingHandlerAdapter] - Looking for @ControllerAdvice: WebApplicationContext for namespace 'dispatcherServlet-servlet': startup date [Mon Nov 23 18:54:48 CST 2020]; root of context hierarchy
2020-11-23 18:54:49,513 INFO [org.springframework.web.servlet.DispatcherServlet] - FrameworkServlet 'dispatcherServlet': initialization completed in 662 ms
2020-11-23 18:55:40,185 INFO [org.springframework.web.servlet.DispatcherServlet] - FrameworkServlet 'dispatcherServlet': initialization started
2020-11-23 18:55:40,197 INFO [org.springframework.web.context.support.XmlWebApplicationContext] - Refreshing WebApplicationContext for namespace 'dispatcherServlet-servlet': startup date [Mon Nov 23 18:55:40 CST 2020]; root of context hierarchy
2020-11-23 18:55:40,218 INFO [org.springframework.beans.factory.xml.XmlBeanDefinitionReader] - Loading XML bean definitions from class path resource [springmvc.xml]
2020-11-23 18:55:40,436 INFO [org.springframework.beans.factory.annotation.AutowiredAnnotationBeanPostProcessor] - JSR-330 'javax.inject.Inject' annotation found and supported for autowiring
2020-11-23 18:55:40,589 INFO [org.springframework.web.servlet.handler.SimpleUrlHandlerMapping] - Mapped URL path [/css/**] onto handler 'org.springframework.web.servlet.resource.ResourceHttpRequestHandler#0'
2020-11-23 18:55:40,601 INFO [org.springframework.web.servlet.handler.SimpleUrlHandlerMapping] - Mapped URL path [/images/**] onto handler 'org.springframework.web.servlet.resource.ResourceHttpRequestHandler#1'
2020-11-23 18:55:40,605 INFO [org.springframework.web.servlet.handler.SimpleUrlHandlerMapping] - Mapped URL path [/js/**] onto handler 'org.springframework.web.servlet.resource.ResourceHttpRequestHandler#2'
2020-11-23 18:55:40,633 INFO [org.springframework.web.servlet.mvc.method.annotation.RequestMappingHandlerMapping] - Mapped "{[/account/findAll]}" onto public java.lang.String cn.swingz.controller.AccountController.findAll()
2020-11-23 18:55:40,766 INFO [org.springframework.web.servlet.mvc.method.annotation.RequestMappingHandlerAdapter] - Looking for @ControllerAdvice: WebApplicationContext for namespace 'dispatcherServlet-servlet': startup date [Mon Nov 23 18:55:40 CST 2020]; root of context hierarchy
2020-11-23 18:55:40,796 INFO [org.springframework.web.servlet.mvc.method.annotation.RequestMappingHandlerAdapter] - Looking for @ControllerAdvice: WebApplicationContext for namespace 'dispatcherServlet-servlet': startup date [Mon Nov 23 18:55:40 CST 2020]; root of context hierarchy
2020-11-23 18:55:40,858 INFO [org.springframework.web.servlet.DispatcherServlet] - FrameworkServlet 'dispatcherServlet': initialization completed in 673 ms
2020-11-23 18:58:53,669 INFO [org.springframework.web.servlet.DispatcherServlet] - FrameworkServlet 'dispatcherServlet': initialization started
2020-11-23 18:58:53,686 INFO [org.springframework.web.context.support.XmlWebApplicationContext] - Refreshing WebApplicationContext for namespace 'dispatcherServlet-servlet': startup date [Mon Nov 23 18:58:53 CST 2020]; root of context hierarchy
2020-11-23 18:58:53,707 INFO [org.springframework.beans.factory.xml.XmlBeanDefinitionReader] - Loading XML bean definitions from class path resource [springmvc.xml]
2020-11-23 18:58:53,980 INFO [org.springframework.beans.factory.annotation.AutowiredAnnotationBeanPostProcessor] - JSR-330 'javax.inject.Inject' annotation found and supported for autowiring
2020-11-23 18:58:54,146 INFO [org.springframework.web.servlet.handler.SimpleUrlHandlerMapping] - Mapped URL path [/css/**] onto handler 'org.springframework.web.servlet.resource.ResourceHttpRequestHandler#0'
2020-11-23 18:58:54,158 INFO [org.springframework.web.servlet.handler.SimpleUrlHandlerMapping] - Mapped URL path [/images/**] onto handler 'org.springframework.web.servlet.resource.ResourceHttpRequestHandler#1'
2020-11-23 18:58:54,160 INFO [org.springframework.web.servlet.handler.SimpleUrlHandlerMapping] - Mapped URL path [/js/**] onto handler 'org.springframework.web.servlet.resource.ResourceHttpRequestHandler#2'
2020-11-23 18:58:54,189 INFO [org.springframework.web.servlet.mvc.method.annotation.RequestMappingHandlerMapping] - Mapped "{[/account/findAll]}" onto public java.lang.String cn.swingz.controller.AccountController.findAll()
2020-11-23 18:58:54,315 INFO [org.springframework.web.servlet.mvc.method.annotation.RequestMappingHandlerAdapter] - Looking for @ControllerAdvice: WebApplicationContext for namespace 'dispatcherServlet-servlet': startup date [Mon Nov 23 18:58:53 CST 2020]; root of context hierarchy
2020-11-23 18:58:54,360 INFO [org.springframework.web.servlet.mvc.method.annotation.RequestMappingHandlerAdapter] - Looking for @ControllerAdvice: WebApplicationContext for namespace 'dispatcherServlet-servlet': startup date [Mon Nov 23 18:58:53 CST 2020]; root of context hierarchy
2020-11-23 18:58:54,423 INFO [org.springframework.web.servlet.DispatcherServlet] - FrameworkServlet 'dispatcherServlet': initialization completed in 754 ms
2020-11-23 19:22:31,879 INFO [org.springframework.web.context.ContextLoader] - Root WebApplicationContext: initialization started
2020-11-23 19:22:31,910 INFO [org.springframework.web.context.support.XmlWebApplicationContext] - Refreshing Root WebApplicationContext: startup date [Mon Nov 23 19:22:31 CST 2020]; root of context hierarchy
2020-11-23 19:22:31,931 INFO [org.springframework.beans.factory.xml.XmlBeanDefinitionReader] - Loading XML bean definitions from class path resource [applIcationContext.xml]
2020-11-23 19:22:32,165 INFO [org.springframework.beans.factory.annotation.AutowiredAnnotationBeanPostProcessor] - JSR-330 'javax.inject.Inject' annotation found and supported for autowiring
2020-11-23 19:22:32,221 INFO [org.springframework.web.context.ContextLoader] - Root WebApplicationContext: initialization completed in 342 ms
2020-11-23 19:22:32,245 INFO [org.springframework.web.servlet.DispatcherServlet] - FrameworkServlet 'dispatcherServlet': initialization started
2020-11-23 19:22:32,247 INFO [org.springframework.web.context.support.XmlWebApplicationContext] - Refreshing WebApplicationContext for namespace 'dispatcherServlet-servlet': startup date [Mon Nov 23 19:22:32 CST 2020]; parent: Root WebApplicationContext
2020-11-23 19:22:32,248 INFO [org.springframework.beans.factory.xml.XmlBeanDefinitionReader] - Loading XML bean definitions from class path resource [springmvc.xml]
2020-11-23 19:22:32,327 INFO [org.springframework.beans.factory.annotation.AutowiredAnnotationBeanPostProcessor] - JSR-330 'javax.inject.Inject' annotation found and supported for autowiring
2020-11-23 19:22:32,464 INFO [org.springframework.web.servlet.handler.SimpleUrlHandlerMapping] - Mapped URL path [/css/**] onto handler 'org.springframework.web.servlet.resource.ResourceHttpRequestHandler#0'
2020-11-23 19:22:32,477 INFO [org.springframework.web.servlet.handler.SimpleUrlHandlerMapping] - Mapped URL path [/images/**] onto handler 'org.springframework.web.servlet.resource.ResourceHttpRequestHandler#1'
2020-11-23 19:22:32,481 INFO [org.springframework.web.servlet.handler.SimpleUrlHandlerMapping] - Mapped URL path [/js/**] onto handler 'org.springframework.web.servlet.resource.ResourceHttpRequestHandler#2'
2020-11-23 19:22:32,508 INFO [org.springframework.web.servlet.mvc.method.annotation.RequestMappingHandlerMapping] - Mapped "{[/account/findAll]}" onto public java.lang.String cn.swingz.controller.AccountController.findAll()
2020-11-23 19:22:32,556 INFO [org.springframework.web.servlet.mvc.method.annotation.RequestMappingHandlerAdapter] - Looking for @ControllerAdvice: WebApplicationContext for namespace 'dispatcherServlet-servlet': startup date [Mon Nov 23 19:22:32 CST 2020]; parent: Root WebApplicationContext
2020-11-23 19:22:32,586 INFO [org.springframework.web.servlet.mvc.method.annotation.RequestMappingHandlerAdapter] - Looking for @ControllerAdvice: WebApplicationContext for namespace 'dispatcherServlet-servlet': startup date [Mon Nov 23 19:22:32 CST 2020]; parent: Root WebApplicationContext
2020-11-23 19:22:32,633 INFO [org.springframework.web.servlet.DispatcherServlet] - FrameworkServlet 'dispatcherServlet': initialization completed in 388 ms
2020-11-23 20:22:53,587 INFO [org.springframework.web.context.ContextLoader] - Root WebApplicationContext: initialization started
2020-11-23 20:22:53,618 INFO [org.springframework.web.context.support.XmlWebApplicationContext] - Refreshing Root WebApplicationContext: startup date [Mon Nov 23 20:22:53 CST 2020]; root of context hierarchy
2020-11-23 20:22:53,647 INFO [org.springframework.beans.factory.xml.XmlBeanDefinitionReader] - Loading XML bean definitions from class path resource [applIcationContext.xml]
2020-11-23 20:22:53,863 INFO [org.springframework.beans.factory.annotation.AutowiredAnnotationBeanPostProcessor] - JSR-330 'javax.inject.Inject' annotation found and supported for autowiring
2020-11-23 20:22:53,933 INFO [com.mchange.v2.log.MLog] - MLog clients using slf4j logging.
2020-11-23 20:22:53,961 INFO [com.mchange.v2.c3p0.C3P0Registry] - Initializing c3p0-0.9.5.2 [built 08-December-2015 22:06:04 -0800; debug? true; trace: 10]
2020-11-23 20:22:54,162 INFO [org.springframework.web.context.ContextLoader] - Root WebApplicationContext: initialization completed in 575 ms
2020-11-23 20:22:54,181 INFO [org.springframework.web.servlet.DispatcherServlet] - FrameworkServlet 'dispatcherServlet': initialization started
2020-11-23 20:22:54,184 INFO [org.springframework.web.context.support.XmlWebApplicationContext] - Refreshing WebApplicationContext for namespace 'dispatcherServlet-servlet': startup date [Mon Nov 23 20:22:54 CST 2020]; parent: Root WebApplicationContext
2020-11-23 20:22:54,184 INFO [org.springframework.beans.factory.xml.XmlBeanDefinitionReader] - Loading XML bean definitions from class path resource [springmvc.xml]
2020-11-23 20:22:54,258 INFO [org.springframework.beans.factory.annotation.AutowiredAnnotationBeanPostProcessor] - JSR-330 'javax.inject.Inject' annotation found and supported for autowiring
2020-11-23 20:22:54,369 INFO [org.springframework.web.servlet.handler.SimpleUrlHandlerMapping] - Mapped URL path [/css/**] onto handler 'org.springframework.web.servlet.resource.ResourceHttpRequestHandler#0'
2020-11-23 20:22:54,381 INFO [org.springframework.web.servlet.handler.SimpleUrlHandlerMapping] - Mapped URL path [/images/**] onto handler 'org.springframework.web.servlet.resource.ResourceHttpRequestHandler#1'
2020-11-23 20:22:54,384 INFO [org.springframework.web.servlet.handler.SimpleUrlHandlerMapping] - Mapped URL path [/js/**] onto handler 'org.springframework.web.servlet.resource.ResourceHttpRequestHandler#2'
2020-11-23 20:22:54,412 INFO [org.springframework.web.servlet.mvc.method.annotation.RequestMappingHandlerMapping] - Mapped "{[/account/findAll]}" onto public java.lang.String cn.swingz.controller.AccountController.findAll()
2020-11-23 20:22:54,464 INFO [org.springframework.web.servlet.mvc.method.annotation.RequestMappingHandlerAdapter] - Looking for @ControllerAdvice: WebApplicationContext for namespace 'dispatcherServlet-servlet': startup date [Mon Nov 23 20:22:54 CST 2020]; parent: Root WebApplicationContext
2020-11-23 20:22:54,491 INFO [org.springframework.web.servlet.mvc.method.annotation.RequestMappingHandlerAdapter] - Looking for @ControllerAdvice: WebApplicationContext for namespace 'dispatcherServlet-servlet': startup date [Mon Nov 23 20:22:54 CST 2020]; parent: Root WebApplicationContext
2020-11-23 20:22:54,537 INFO [org.springframework.web.servlet.DispatcherServlet] - FrameworkServlet 'dispatcherServlet': initialization completed in 356 ms
2020-11-23 20:22:58,596 INFO [com.mchange.v2.c3p0.impl.AbstractPoolBackedDataSource] - Initializing c3p0 pool... com.mchange.v2.c3p0.ComboPooledDataSource [ acquireIncrement -> 3, acquireRetryAttempts -> 30, acquireRetryDelay -> 1000, autoCommitOnClose -> false, automaticTestTable -> null, breakAfterAcquireFailure -> false, checkoutTimeout -> 0, connectionCustomizerClassName -> null, connectionTesterClassName -> com.mchange.v2.c3p0.impl.DefaultConnectionTester, contextClassLoaderSource -> caller, dataSourceName -> 2uo10uad1vzszcz1trjfek|13f27ad6, debugUnreturnedConnectionStackTraces -> false, description -> null, driverClass -> com.mysql.jdbc.Driver, extensions -> {}, factoryClassLocation -> null, forceIgnoreUnresolvedTransactions -> false, forceSynchronousCheckins -> false, forceUseNamedDriverClass -> false, identityToken -> 2uo10uad1vzszcz1trjfek|13f27ad6, idleConnectionTestPeriod -> 0, initialPoolSize -> 3, jdbcUrl -> jdbc:mysql://139.199.69.163:3307/ssm, maxAdministrativeTaskTime -> 0, maxConnectionAge -> 0, maxIdleTime -> 0, maxIdleTimeExcessConnections -> 0, maxPoolSize -> 15, maxStatements -> 0, maxStatementsPerConnection -> 0, minPoolSize -> 3, numHelperThreads -> 3, preferredTestQuery -> null, privilegeSpawnedThreads -> false, properties -> {user=******, password=******}, propertyCycle -> 0, statementCacheNumDeferredCloseThreads -> 0, testConnectionOnCheckin -> false, testConnectionOnCheckout -> false, unreturnedConnectionTimeout -> 0, userOverrides -> {}, usesTraditionalReflectiveProxies -> false ]
2020-11-23 20:37:18,837 INFO [org.springframework.web.context.ContextLoader] - Root WebApplicationContext: initialization started
2020-11-23 20:37:18,871 INFO [org.springframework.web.context.support.XmlWebApplicationContext] - Refreshing Root WebApplicationContext: startup date [Mon Nov 23 20:37:18 CST 2020]; root of context hierarchy
2020-11-23 20:37:18,893 INFO [org.springframework.beans.factory.xml.XmlBeanDefinitionReader] - Loading XML bean definitions from class path resource [applIcationContext.xml]
2020-11-23 20:37:19,211 INFO [org.springframework.beans.factory.annotation.AutowiredAnnotationBeanPostProcessor] - JSR-330 'javax.inject.Inject' annotation found and supported for autowiring
2020-11-23 20:37:19,309 INFO [com.mchange.v2.log.MLog] - MLog clients using slf4j logging.
2020-11-23 20:37:19,338 INFO [com.mchange.v2.c3p0.C3P0Registry] - Initializing c3p0-0.9.5.2 [built 08-December-2015 22:06:04 -0800; debug? true; trace: 10]
2020-11-23 20:37:19,638 INFO [org.springframework.web.context.ContextLoader] - Root WebApplicationContext: initialization completed in 801 ms
2020-11-23 20:37:19,657 INFO [org.springframework.web.servlet.DispatcherServlet] - FrameworkServlet 'dispatcherServlet': initialization started
2020-11-23 20:37:19,659 INFO [org.springframework.web.context.support.XmlWebApplicationContext] - Refreshing WebApplicationContext for namespace 'dispatcherServlet-servlet': startup date [Mon Nov 23 20:37:19 CST 2020]; parent: Root WebApplicationContext
2020-11-23 20:37:19,659 INFO [org.springframework.beans.factory.xml.XmlBeanDefinitionReader] - Loading XML bean definitions from class path resource [springmvc.xml]
2020-11-23 20:37:19,730 INFO [org.springframework.beans.factory.annotation.AutowiredAnnotationBeanPostProcessor] - JSR-330 'javax.inject.Inject' annotation found and supported for autowiring
2020-11-23 20:37:19,841 INFO [org.springframework.web.servlet.handler.SimpleUrlHandlerMapping] - Mapped URL path [/css/**] onto handler 'org.springframework.web.servlet.resource.ResourceHttpRequestHandler#0'
2020-11-23 20:37:19,854 INFO [org.springframework.web.servlet.handler.SimpleUrlHandlerMapping] - Mapped URL path [/images/**] onto handler 'org.springframework.web.servlet.resource.ResourceHttpRequestHandler#1'
2020-11-23 20:37:19,858 INFO [org.springframework.web.servlet.handler.SimpleUrlHandlerMapping] - Mapped URL path [/js/**] onto handler 'org.springframework.web.servlet.resource.ResourceHttpRequestHandler#2'
2020-11-23 20:37:19,887 INFO [org.springframework.web.servlet.mvc.method.annotation.RequestMappingHandlerMapping] - Mapped "{[/account/save]}" onto public java.lang.String cn.swingz.controller.AccountController.save(cn.swingz.domain.Account)
2020-11-23 20:37:19,887 INFO [org.springframework.web.servlet.mvc.method.annotation.RequestMappingHandlerMapping] - Mapped "{[/account/findAll]}" onto public java.lang.String cn.swingz.controller.AccountController.findAll()
2020-11-23 20:37:19,933 INFO [org.springframework.web.servlet.mvc.method.annotation.RequestMappingHandlerAdapter] - Looking for @ControllerAdvice: WebApplicationContext for namespace 'dispatcherServlet-servlet': startup date [Mon Nov 23 20:37:19 CST 2020]; parent: Root WebApplicationContext
2020-11-23 20:37:19,968 INFO [org.springframework.web.servlet.mvc.method.annotation.RequestMappingHandlerAdapter] - Looking for @ControllerAdvice: WebApplicationContext for namespace 'dispatcherServlet-servlet': startup date [Mon Nov 23 20:37:19 CST 2020]; parent: Root WebApplicationContext
2020-11-23 20:37:20,016 INFO [org.springframework.web.servlet.DispatcherServlet] - FrameworkServlet 'dispatcherServlet': initialization completed in 358 ms
2020-11-23 20:37:32,027 INFO [com.mchange.v2.c3p0.impl.AbstractPoolBackedDataSource] - Initializing c3p0 pool... com.mchange.v2.c3p0.ComboPooledDataSource [ acquireIncrement -> 3, acquireRetryAttempts -> 30, acquireRetryDelay -> 1000, autoCommitOnClose -> false, automaticTestTable -> null, breakAfterAcquireFailure -> false, checkoutTimeout -> 0, connectionCustomizerClassName -> null, connectionTesterClassName -> com.mchange.v2.c3p0.impl.DefaultConnectionTester, contextClassLoaderSource -> caller, dataSourceName -> 2uo10uad1w0bj3812qpd76|1541d39a, debugUnreturnedConnectionStackTraces -> false, description -> null, driverClass -> com.mysql.jdbc.Driver, extensions -> {}, factoryClassLocation -> null, forceIgnoreUnresolvedTransactions -> false, forceSynchronousCheckins -> false, forceUseNamedDriverClass -> false, identityToken -> 2uo10uad1w0bj3812qpd76|1541d39a, idleConnectionTestPeriod -> 0, initialPoolSize -> 3, jdbcUrl -> jdbc:mysql://139.199.69.163:3307/ssm, maxAdministrativeTaskTime -> 0, maxConnectionAge -> 0, maxIdleTime -> 0, maxIdleTimeExcessConnections -> 0, maxPoolSize -> 15, maxStatements -> 0, maxStatementsPerConnection -> 0, minPoolSize -> 3, numHelperThreads -> 3, preferredTestQuery -> null, privilegeSpawnedThreads -> false, properties -> {user=******, password=******}, propertyCycle -> 0, statementCacheNumDeferredCloseThreads -> 0, testConnectionOnCheckin -> false, testConnectionOnCheckout -> false, unreturnedConnectionTimeout -> 0, userOverrides -> {}, usesTraditionalReflectiveProxies -> false ]
